<?xml version="1.0" encoding="UTF-8" standalone="no" ?>
<report title="Hercules Micro Design Report" version="1.0">
<section title="Routing Report">
   <subject title="Status Summary">
       <table>
           <tr>
               <td>Running status</td>
               <td>Successful</td>
           </tr>
           <tr>
               <td>Time stamp</td>
               <td>Tue Jun 14 22:44:24 2022</td>
           </tr>
           <tr>
               <td>Fuxi version</td>
               <td> fx2020a win64</td>
           </tr>
           <tr>
               <td>Device name</td>
               <td> P1P060N0V324C7</td>
           </tr>
           <tr>
               <td>Top module name</td>
               <td> RISCV_P1_TOP</td>
           </tr>
           <tr>
               <td>Input design file</td>
               <td> netlist/chip_syn.apv</td>
           </tr>
           <tr>
               <td>Input annotation file</td>
               <td>outputs/RISCV_P1_TOP.apx</td>
           </tr>
           <tr>
               <td>Output annotation file</td>
               <td>outputs/RISCV_P1_TOP.apa</td>
           </tr>
           <tr>
               <td>Output design file</td>
               <td>outputs/RISCV_P1_TOP.arv</td>
           </tr>
       </table>
   </subject>
   <subject title="Interconnect Resource Usage Summary">
       <table>
           <tr>
               <th>Resource</th>
               <th>Usage</th>
           </tr>
           <tr>
               <td>Total nets</td>
               <td>7124</td>
           </tr>
           <tr>
               <td>Failed nets</td>
               <td>0</td>
           </tr>
           <tr>
               <td>Interconnect Resources</td>
               <td>0.92</td>
           </tr>
           <tr>
               <td>Total Elapsed Time</td>
               <td>9 seconds</td>
           </tr>
           <tr>
               <td>Peak Mem</td>
               <td>1007 MB</td>
           </tr>
           <tr>
               <td>Iteration Num</td>
               <td>15</td>
           </tr>
           <tr>
               <td>Average Fanout</td>
               <td>1.634756</td>
           </tr>
       </table>
   </subject>
</section>
</report>